{"/home/jeferson/Workspace/trabalhoPI/controllers/home.js":{"path":"/home/jeferson/Workspace/trabalhoPI/controllers/home.js","s":{"1":1,"2":1,"3":1,"4":0,"5":0,"6":0,"7":0,"8":0,"9":0,"10":0,"11":0,"12":2,"13":2,"14":1,"15":1,"16":1,"17":1,"18":1,"19":1,"20":1,"21":1,"22":2,"23":1},"b":{"1":[0,0],"2":[1,1],"3":[1,0],"4":[1,0],"5":[1,0],"6":[1,0]},"f":{"1":1,"2":0,"3":0,"4":0,"5":2},"fnMap":{"1":{"name":"(anonymous_1)","line":3,"loc":{"start":{"line":3,"column":17},"end":{"line":3,"column":32}}},"2":{"name":"(anonymous_2)","line":7,"loc":{"start":{"line":7,"column":10},"end":{"line":7,"column":30}}},"3":{"name":"(anonymous_3)","line":12,"loc":{"start":{"line":12,"column":13},"end":{"line":12,"column":33}}},"4":{"name":"(anonymous_4)","line":14,"loc":{"start":{"line":14,"column":48},"end":{"line":14,"column":67}}},"5":{"name":"(anonymous_5)","line":34,"loc":{"start":{"line":34,"column":18},"end":{"line":34,"column":43}}}},"statementMap":{"1":{"start":{"line":1,"column":0},"end":{"line":1,"column":56}},"2":{"start":{"line":3,"column":0},"end":{"line":63,"column":2}},"3":{"start":{"line":4,"column":1},"end":{"line":60,"column":3}},"4":{"start":{"line":9,"column":4},"end":{"line":9,"column":38}},"5":{"start":{"line":14,"column":4},"end":{"line":29,"column":7}},"6":{"start":{"line":16,"column":5},"end":{"line":16,"column":39}},"7":{"start":{"line":17,"column":5},"end":{"line":17,"column":66}},"8":{"start":{"line":19,"column":5},"end":{"line":19,"column":33}},"9":{"start":{"line":21,"column":5},"end":{"line":23,"column":6}},"10":{"start":{"line":22,"column":6},"end":{"line":22,"column":28}},"11":{"start":{"line":25,"column":5},"end":{"line":27,"column":8}},"12":{"start":{"line":36,"column":4},"end":{"line":36,"column":21}},"13":{"start":{"line":38,"column":4},"end":{"line":53,"column":5}},"14":{"start":{"line":40,"column":5},"end":{"line":42,"column":6}},"15":{"start":{"line":41,"column":6},"end":{"line":41,"column":31}},"16":{"start":{"line":43,"column":5},"end":{"line":45,"column":6}},"17":{"start":{"line":44,"column":6},"end":{"line":44,"column":35}},"18":{"start":{"line":46,"column":5},"end":{"line":48,"column":6}},"19":{"start":{"line":47,"column":6},"end":{"line":47,"column":35}},"20":{"start":{"line":49,"column":5},"end":{"line":51,"column":6}},"21":{"start":{"line":50,"column":6},"end":{"line":50,"column":39}},"22":{"start":{"line":55,"column":4},"end":{"line":55,"column":22}},"23":{"start":{"line":62,"column":1},"end":{"line":62,"column":23}}},"branchMap":{"1":{"line":21,"type":"if","locations":[{"start":{"line":21,"column":5},"end":{"line":21,"column":5}},{"start":{"line":21,"column":5},"end":{"line":21,"column":5}}]},"2":{"line":38,"type":"if","locations":[{"start":{"line":38,"column":4},"end":{"line":38,"column":4}},{"start":{"line":38,"column":4},"end":{"line":38,"column":4}}]},"3":{"line":40,"type":"if","locations":[{"start":{"line":40,"column":5},"end":{"line":40,"column":5}},{"start":{"line":40,"column":5},"end":{"line":40,"column":5}}]},"4":{"line":43,"type":"if","locations":[{"start":{"line":43,"column":5},"end":{"line":43,"column":5}},{"start":{"line":43,"column":5},"end":{"line":43,"column":5}}]},"5":{"line":46,"type":"if","locations":[{"start":{"line":46,"column":5},"end":{"line":46,"column":5}},{"start":{"line":46,"column":5},"end":{"line":46,"column":5}}]},"6":{"line":49,"type":"if","locations":[{"start":{"line":49,"column":5},"end":{"line":49,"column":5}},{"start":{"line":49,"column":5},"end":{"line":49,"column":5}}]}}},"/home/jeferson/Workspace/trabalhoPI/util/validacao.js":{"path":"/home/jeferson/Workspace/trabalhoPI/util/validacao.js","s":{"1":1,"2":2,"3":2,"4":1,"5":1,"6":0,"7":1,"8":0,"9":1,"10":0,"11":1,"12":2},"b":{"1":[1,1],"2":[0,1],"3":[0,1],"4":[0,1]},"f":{"1":2,"2":2},"fnMap":{"1":{"name":"(anonymous_1)","line":1,"loc":{"start":{"line":1,"column":17},"end":{"line":1,"column":28}}},"2":{"name":"(anonymous_2)","line":5,"loc":{"start":{"line":5,"column":22},"end":{"line":5,"column":41}}}},"statementMap":{"1":{"start":{"line":1,"column":0},"end":{"line":29,"column":2}},"2":{"start":{"line":3,"column":4},"end":{"line":26,"column":6}},"3":{"start":{"line":7,"column":12},"end":{"line":9,"column":13}},"4":{"start":{"line":8,"column":16},"end":{"line":8,"column":29}},"5":{"start":{"line":11,"column":12},"end":{"line":13,"column":13}},"6":{"start":{"line":12,"column":16},"end":{"line":12,"column":29}},"7":{"start":{"line":15,"column":12},"end":{"line":17,"column":13}},"8":{"start":{"line":16,"column":16},"end":{"line":16,"column":29}},"9":{"start":{"line":19,"column":12},"end":{"line":21,"column":13}},"10":{"start":{"line":20,"column":16},"end":{"line":20,"column":29}},"11":{"start":{"line":23,"column":12},"end":{"line":23,"column":24}},"12":{"start":{"line":28,"column":4},"end":{"line":28,"column":25}}},"branchMap":{"1":{"line":7,"type":"if","locations":[{"start":{"line":7,"column":12},"end":{"line":7,"column":12}},{"start":{"line":7,"column":12},"end":{"line":7,"column":12}}]},"2":{"line":11,"type":"if","locations":[{"start":{"line":11,"column":12},"end":{"line":11,"column":12}},{"start":{"line":11,"column":12},"end":{"line":11,"column":12}}]},"3":{"line":15,"type":"if","locations":[{"start":{"line":15,"column":12},"end":{"line":15,"column":12}},{"start":{"line":15,"column":12},"end":{"line":15,"column":12}}]},"4":{"line":19,"type":"if","locations":[{"start":{"line":19,"column":12},"end":{"line":19,"column":12}},{"start":{"line":19,"column":12},"end":{"line":19,"column":12}}]}}}}