{"/home/jeferson/Workspace/trabalhoPI/controllers/home.js":{"path":"/home/jeferson/Workspace/trabalhoPI/controllers/home.js","s":{"1":1,"2":1,"3":1,"4":1,"5":2,"6":2,"7":2,"8":2,"9":1,"10":2,"11":4,"12":4,"13":2,"14":2,"15":2,"16":2,"17":2,"18":2,"19":2,"20":2,"21":4,"22":1},"b":{"1":[1,1],"2":[2,2],"3":[2,0],"4":[2,0],"5":[2,0],"6":[2,0]},"f":{"1":1,"2":1,"3":2,"4":2,"5":4},"fnMap":{"1":{"name":"(anonymous_1)","line":3,"loc":{"start":{"line":3,"column":17},"end":{"line":3,"column":32}}},"2":{"name":"(anonymous_2)","line":7,"loc":{"start":{"line":7,"column":10},"end":{"line":7,"column":30}}},"3":{"name":"(anonymous_3)","line":12,"loc":{"start":{"line":12,"column":13},"end":{"line":12,"column":33}}},"4":{"name":"(anonymous_4)","line":14,"loc":{"start":{"line":14,"column":48},"end":{"line":14,"column":67}}},"5":{"name":"(anonymous_5)","line":31,"loc":{"start":{"line":31,"column":18},"end":{"line":31,"column":43}}}},"statementMap":{"1":{"start":{"line":1,"column":0},"end":{"line":1,"column":56}},"2":{"start":{"line":3,"column":0},"end":{"line":60,"column":2}},"3":{"start":{"line":4,"column":1},"end":{"line":57,"column":3}},"4":{"start":{"line":9,"column":4},"end":{"line":9,"column":38}},"5":{"start":{"line":13,"column":4},"end":{"line":13,"column":26}},"6":{"start":{"line":14,"column":4},"end":{"line":26,"column":7}},"7":{"start":{"line":16,"column":5},"end":{"line":16,"column":33}},"8":{"start":{"line":18,"column":5},"end":{"line":20,"column":6}},"9":{"start":{"line":19,"column":6},"end":{"line":19,"column":28}},"10":{"start":{"line":22,"column":5},"end":{"line":24,"column":8}},"11":{"start":{"line":33,"column":4},"end":{"line":33,"column":21}},"12":{"start":{"line":35,"column":4},"end":{"line":50,"column":5}},"13":{"start":{"line":37,"column":5},"end":{"line":39,"column":6}},"14":{"start":{"line":38,"column":6},"end":{"line":38,"column":41}},"15":{"start":{"line":40,"column":5},"end":{"line":42,"column":6}},"16":{"start":{"line":41,"column":6},"end":{"line":41,"column":45}},"17":{"start":{"line":43,"column":5},"end":{"line":45,"column":6}},"18":{"start":{"line":44,"column":6},"end":{"line":44,"column":45}},"19":{"start":{"line":46,"column":5},"end":{"line":48,"column":6}},"20":{"start":{"line":47,"column":6},"end":{"line":47,"column":49}},"21":{"start":{"line":52,"column":4},"end":{"line":52,"column":22}},"22":{"start":{"line":59,"column":1},"end":{"line":59,"column":23}}},"branchMap":{"1":{"line":18,"type":"if","locations":[{"start":{"line":18,"column":5},"end":{"line":18,"column":5}},{"start":{"line":18,"column":5},"end":{"line":18,"column":5}}]},"2":{"line":35,"type":"if","locations":[{"start":{"line":35,"column":4},"end":{"line":35,"column":4}},{"start":{"line":35,"column":4},"end":{"line":35,"column":4}}]},"3":{"line":37,"type":"if","locations":[{"start":{"line":37,"column":5},"end":{"line":37,"column":5}},{"start":{"line":37,"column":5},"end":{"line":37,"column":5}}]},"4":{"line":40,"type":"if","locations":[{"start":{"line":40,"column":5},"end":{"line":40,"column":5}},{"start":{"line":40,"column":5},"end":{"line":40,"column":5}}]},"5":{"line":43,"type":"if","locations":[{"start":{"line":43,"column":5},"end":{"line":43,"column":5}},{"start":{"line":43,"column":5},"end":{"line":43,"column":5}}]},"6":{"line":46,"type":"if","locations":[{"start":{"line":46,"column":5},"end":{"line":46,"column":5}},{"start":{"line":46,"column":5},"end":{"line":46,"column":5}}]}}},"/home/jeferson/Workspace/trabalhoPI/util/validacao.js":{"path":"/home/jeferson/Workspace/trabalhoPI/util/validacao.js","s":{"1":1,"2":2,"3":12,"4":2,"5":10,"6":1,"7":9,"8":1,"9":8,"10":2,"11":6,"12":1,"13":5,"14":1,"15":4,"16":1,"17":3,"18":1,"19":2,"20":2},"b":{"1":[2,10],"2":[1,9],"3":[1,8],"4":[2,6],"5":[1,5],"6":[1,4],"7":[1,3],"8":[1,2]},"f":{"1":2,"2":12},"fnMap":{"1":{"name":"(anonymous_1)","line":1,"loc":{"start":{"line":1,"column":17},"end":{"line":1,"column":28}}},"2":{"name":"(anonymous_2)","line":5,"loc":{"start":{"line":5,"column":22},"end":{"line":5,"column":41}}}},"statementMap":{"1":{"start":{"line":1,"column":0},"end":{"line":45,"column":2}},"2":{"start":{"line":3,"column":4},"end":{"line":42,"column":6}},"3":{"start":{"line":7,"column":12},"end":{"line":9,"column":13}},"4":{"start":{"line":8,"column":16},"end":{"line":8,"column":29}},"5":{"start":{"line":11,"column":12},"end":{"line":13,"column":13}},"6":{"start":{"line":12,"column":16},"end":{"line":12,"column":29}},"7":{"start":{"line":15,"column":12},"end":{"line":17,"column":13}},"8":{"start":{"line":16,"column":16},"end":{"line":16,"column":29}},"9":{"start":{"line":19,"column":12},"end":{"line":21,"column":13}},"10":{"start":{"line":20,"column":16},"end":{"line":20,"column":29}},"11":{"start":{"line":23,"column":12},"end":{"line":25,"column":13}},"12":{"start":{"line":24,"column":16},"end":{"line":24,"column":29}},"13":{"start":{"line":27,"column":12},"end":{"line":29,"column":13}},"14":{"start":{"line":28,"column":16},"end":{"line":28,"column":29}},"15":{"start":{"line":31,"column":12},"end":{"line":33,"column":13}},"16":{"start":{"line":32,"column":16},"end":{"line":32,"column":29}},"17":{"start":{"line":35,"column":12},"end":{"line":37,"column":13}},"18":{"start":{"line":36,"column":16},"end":{"line":36,"column":29}},"19":{"start":{"line":39,"column":12},"end":{"line":39,"column":24}},"20":{"start":{"line":44,"column":4},"end":{"line":44,"column":25}}},"branchMap":{"1":{"line":7,"type":"if","locations":[{"start":{"line":7,"column":12},"end":{"line":7,"column":12}},{"start":{"line":7,"column":12},"end":{"line":7,"column":12}}]},"2":{"line":11,"type":"if","locations":[{"start":{"line":11,"column":12},"end":{"line":11,"column":12}},{"start":{"line":11,"column":12},"end":{"line":11,"column":12}}]},"3":{"line":15,"type":"if","locations":[{"start":{"line":15,"column":12},"end":{"line":15,"column":12}},{"start":{"line":15,"column":12},"end":{"line":15,"column":12}}]},"4":{"line":19,"type":"if","locations":[{"start":{"line":19,"column":12},"end":{"line":19,"column":12}},{"start":{"line":19,"column":12},"end":{"line":19,"column":12}}]},"5":{"line":23,"type":"if","locations":[{"start":{"line":23,"column":12},"end":{"line":23,"column":12}},{"start":{"line":23,"column":12},"end":{"line":23,"column":12}}]},"6":{"line":27,"type":"if","locations":[{"start":{"line":27,"column":12},"end":{"line":27,"column":12}},{"start":{"line":27,"column":12},"end":{"line":27,"column":12}}]},"7":{"line":31,"type":"if","locations":[{"start":{"line":31,"column":12},"end":{"line":31,"column":12}},{"start":{"line":31,"column":12},"end":{"line":31,"column":12}}]},"8":{"line":35,"type":"if","locations":[{"start":{"line":35,"column":12},"end":{"line":35,"column":12}},{"start":{"line":35,"column":12},"end":{"line":35,"column":12}}]}}}}