TN:
SF:/home/jeferson/Workspace/trabalhoPI/controllers/home.js
FN:3,(anonymous_1)
FN:7,(anonymous_2)
FN:12,(anonymous_3)
FN:14,(anonymous_4)
FN:31,(anonymous_5)
FNF:5
FNH:5
FNDA:1,(anonymous_1)
FNDA:1,(anonymous_2)
FNDA:2,(anonymous_3)
FNDA:2,(anonymous_4)
FNDA:4,(anonymous_5)
DA:1,1
DA:3,1
DA:4,1
DA:9,1
DA:13,2
DA:14,2
DA:16,2
DA:18,2
DA:19,1
DA:22,2
DA:33,4
DA:35,4
DA:37,2
DA:38,2
DA:40,2
DA:41,2
DA:43,2
DA:44,2
DA:46,2
DA:47,2
DA:52,4
DA:59,1
LF:22
LH:22
BRDA:18,1,0,1
BRDA:18,1,1,1
BRDA:35,2,0,2
BRDA:35,2,1,2
BRDA:37,3,0,2
BRDA:37,3,1,0
BRDA:40,4,0,2
BRDA:40,4,1,0
BRDA:43,5,0,2
BRDA:43,5,1,0
BRDA:46,6,0,2
BRDA:46,6,1,0
BRF:12
BRH:8
end_of_record
TN:
SF:/home/jeferson/Workspace/trabalhoPI/util/validacao.js
FN:1,(anonymous_1)
FN:5,(anonymous_2)
FNF:2
FNH:2
FNDA:2,(anonymous_1)
FNDA:12,(anonymous_2)
DA:1,1
DA:3,2
DA:7,12
DA:8,2
DA:11,10
DA:12,1
DA:15,9
DA:16,1
DA:19,8
DA:20,2
DA:23,6
DA:24,1
DA:27,5
DA:28,1
DA:31,4
DA:32,1
DA:35,3
DA:36,1
DA:39,2
DA:44,2
LF:20
LH:20
BRDA:7,1,0,2
BRDA:7,1,1,10
BRDA:11,2,0,1
BRDA:11,2,1,9
BRDA:15,3,0,1
BRDA:15,3,1,8
BRDA:19,4,0,2
BRDA:19,4,1,6
BRDA:23,5,0,1
BRDA:23,5,1,5
BRDA:27,6,0,1
BRDA:27,6,1,4
BRDA:31,7,0,1
BRDA:31,7,1,3
BRDA:35,8,0,1
BRDA:35,8,1,2
BRF:16
BRH:16
end_of_record
